Plugins:
  - Rust language analyzer 0.1.5-SNAPSHOT (communityrust)
Bundled analyzers:
  - IaC Code Quality and Security 1.11.0.2847 (iac)
  - PL/SQL Code Quality and Security 3.8.0.4948 (plsql)
  - Scala Code Quality and Security 1.11.0.3905 (sonarscala)
  - C# Code Quality and Security 8.51.0.59060 (csharp)
  - Vulnerability Analysis 9.9.0.19083 (security)
  - Java Code Quality and Security 7.16.0.30901 (java)
  - HTML Code Quality and Security 3.7.1.3306 (web)
  - Flex Code Quality and Security 2.8.0.3166 (flex)
  - XML Code Quality and Security 2.7.0.3820 (xml)
  - Text Code Quality and Security 2.0.1.611 (text)
  - VB.NET Code Quality and Security 8.51.0.59060 (vbnet)
  - Swift Code Quality and Security 4.8.0.5759 (swift)
  - CFamily Code Quality and Security 6.41.0.60884 (cpp)
  - Python Code Quality and Security 3.24.0.10784 (python)
  - Dataflow Bug Detection Rules for Python 1.10.0.3046 (dbdpythonfrontend)
  - Dataflow Bug Detection 1.10.0.3046 (dbd)
  - Go Code Quality and Security 1.11.0.3905 (go)
  - JaCoCo 1.3.0.1538 (jacoco)
  - Kotlin Code Quality and Security 2.12.0.1956 (kotlin)
  - RPG Code Quality 3.3.0.3147 (rpg)
  - Dataflow Bug Detection Rules for Java 1.10.0.3046 (dbdjavafrontend)
  - PL/I Code Quality and Security 1.12.0.3443 (pli)
  - T-SQL Code Quality and Security 1.7.0.5449 (tsql)
  - VB6 Code Quality and Security 2.9.0.3341 (vb)
  - Apex Code Quality and Security 1.11.0.3905 (sonarapex)
  - JavaScript/TypeScript/CSS Code Quality and Security 9.13.0.20537 (javascript)
  - Ruby Code Quality and Security 1.11.0.3905 (ruby)
  - Vulnerability Rules for C# 9.9.0.19083 (securitycsharpfrontend)
  - Vulnerability Rules for Java 9.9.0.19083 (securityjavafrontend)
  - Vulnerability Rules for JS 9.9.0.19083 (securityjsfrontend)
  - COBOL Code Quality 5.2.0.5949 (cobol)
  - Vulnerability Rules for Python 9.9.0.19083 (securitypythonfrontend)
  - PHP Code Quality and Security 3.27.1.9352 (php)
  - ABAP Code Quality and Security 3.11.0.4030 (abap)
  - Configuration detection fot Code Quality and Security 1.2.0.267 (config)
  - Vulnerability Rules for PHP 9.9.0.19083 (securityphpfrontend)
Global server settings:
  - sonar.core.id=147B411E-AYYrjfoi5oWFbPiNUXL8
  - sonar.core.startTime=2023-02-16T09:57:27+0100
  - sonar.forceAuthentication=true
  - sonar.plugins.risk.consent=ACCEPTED
Project server settings:
Project scanner properties:
  - sonar.host.url=http://localhost:9000
  - sonar.login=******
  - sonar.password=******
  - sonar.projectBaseDir=/Users/ericlegoff/lab/sqmatrix
  - sonar.projectKey=sqmatrix
  - sonar.projectName=sqmatrix
  - sonar.scanner.app=ScannerCLI
  - sonar.scanner.appVersion=4.6.0.2311
  - sonar.sourceEncoding=UTF-8
  - sonar.sources=app,main
  - sonar.verbose=true
  - sonar.working.directory=/Users/ericlegoff/lab/sqmatrix/.scannerwork
